<?xml version="1.0" encoding="UTF-8"?>
<!-- Generated by org.testng.reporters.JUnitReportReporter -->
<testsuite hostname="DESKTOP-GV7RKL6" name="com.search.getScreenshot.searchGetScreenshot" tests="1" failures="0" timestamp="13 Dec 2019 16:35:09 GMT" time="3.168" errors="0">
  <testcase name="searchQAGetScreenshot" time="3.168" classname="com.search.getScreenshot.searchGetScreenshot"/>
</testsuite> <!-- com.search.getScreenshot.searchGetScreenshot -->
