<?xml version="1.0" encoding="UTF-8"?>
<!-- Generated by org.testng.reporters.JUnitReportReporter -->
<testsuite hostname="DESKTOP-GV7RKL6" name="com.getTitles.writeToFile.getTitlesWriteToFile" tests="1" failures="0" timestamp="13 Dec 2019 16:35:09 GMT" time="0.307" errors="0">
  <testcase name="getTitlesWriteToAfile" time="0.307" classname="com.getTitles.writeToFile.getTitlesWriteToFile"/>
</testsuite> <!-- com.getTitles.writeToFile.getTitlesWriteToFile -->
