<?xml version="1.0" encoding="UTF-8"?>
<!-- Generated by org.testng.reporters.JUnitReportReporter -->
<testsuite hostname="DESKTOP-GV7RKL6" name="com.getTitles.writeToFile.ProQuestHomepage" tests="1" failures="0" timestamp="13 Dec 2019 16:35:09 GMT" time="14.118" errors="0">
  <testcase name="ProQuestHome" time="14.118" classname="com.getTitles.writeToFile.ProQuestHomepage"/>
</testsuite> <!-- com.getTitles.writeToFile.ProQuestHomepage -->
